<?xml version="1.0" encoding="UTF-8"?>
<testng-results skipped="0" failed="0" ignored="0" total="2" passed="2">
  <reporter-output>
  </reporter-output>
  <suite name="Default suite" duration-ms="6069" started-at="2022-12-07T03:46:12Z" finished-at="2022-12-07T03:46:18Z">
    <groups>
    </groups>
    <test name="Default test" duration-ms="6069" started-at="2022-12-07T03:46:12Z" finished-at="2022-12-07T03:46:18Z">
      <class name="com.sample.Sample">
        <test-method status="PASS" signature="basicAuth()[pri:1, instance:com.sample.Sample@20e2cbe0]" name="basicAuth" duration-ms="5996" started-at="2022-12-07T03:46:12Z" finished-at="2022-12-07T03:46:18Z">
          <reporter-output>
          </reporter-output>
        </test-method> <!-- basicAuth -->
        <test-method status="PASS" signature="addAddress()[pri:2, instance:com.sample.Sample@20e2cbe0]" name="addAddress" duration-ms="3" started-at="2022-12-07T03:46:18Z" finished-at="2022-12-07T03:46:18Z">
          <reporter-output>
          </reporter-output>
        </test-method> <!-- addAddress -->
      </class> <!-- com.sample.Sample -->
    </test> <!-- Default test -->
  </suite> <!-- Default suite -->
</testng-results>
